<?xml version="1.0" encoding="UTF-8"?>
<testsuite xmlns:xsi="http://www.w3.org/2001/XMLSchema-instance" xsi:noNamespaceSchemaLocation="https://maven.apache.org/surefire/maven-surefire-plugin/xsd/surefire-test-report.xsd" name="HelloWorldTest" time="3.728" tests="3" errors="0" skipped="0" failures="0">
  <properties>
[...]
</properties>
  <testcase name="testGetHello" classname="HelloWorldTest" time="3.026"/>
  <testcase name="testGetText" classname="HelloWorldTest" time="0.398"/>
  <testcase name="testHelloWorld" classname="HelloWorldTest" time="0.002"/>
</testsuite>